<?xml version="1.0" encoding="UTF-8"?>
<testsuite xmlns:xsi="http://www.w3.org/2001/XMLSchema-instance" xsi:noNamespaceSchemaLocation="https://maven.apache.org/surefire/maven-surefire-plugin/xsd/surefire-test-report-3.0.xsd" version="3.0" name="exercicio_01_Test.CalculadoraTest" time="0.495" tests="3" errors="0" skipped="0" failures="0">
  <properties>
    <property name="java.specification.version" value="21"/>
    <property name="sun.cpu.isalist" value="amd64"/>
    <property name="sun.jnu.encoding" value="Cp1252"/>
    <property name="java.class.path" value="F:\00_EngenhariaTesteSoftwares\tp2\target\test-classes;F:\00_EngenhariaTesteSoftwares\tp2\target\classes;C:\Users\dende\.m2\repository\org\junit\jupiter\junit-jupiter-api\5.9.1\junit-jupiter-api-5.9.1.jar;C:\Users\dende\.m2\repository\org\opentest4j\opentest4j\1.2.0\opentest4j-1.2.0.jar;C:\Users\dende\.m2\repository\org\junit\platform\junit-platform-commons\1.9.1\junit-platform-commons-1.9.1.jar;C:\Users\dende\.m2\repository\org\apiguardian\apiguardian-api\1.1.2\apiguardian-api-1.1.2.jar;C:\Users\dende\.m2\repository\org\junit\jupiter\junit-jupiter-engine\5.9.1\junit-jupiter-engine-5.9.1.jar;C:\Users\dende\.m2\repository\org\junit\platform\junit-platform-engine\1.9.1\junit-platform-engine-1.9.1.jar;C:\Users\dende\.m2\repository\org\mockito\mockito-core\5.7.0\mockito-core-5.7.0.jar;C:\Users\dende\.m2\repository\net\bytebuddy\byte-buddy\1.14.9\byte-buddy-1.14.9.jar;C:\Users\dende\.m2\repository\net\bytebuddy\byte-buddy-agent\1.14.9\byte-buddy-agent-1.14.9.jar;C:\Users\dende\.m2\repository\org\objenesis\objenesis\3.3\objenesis-3.3.jar;C:\Users\dende\.m2\repository\net\jqwik\jqwik\1.9.1\jqwik-1.9.1.jar;C:\Users\dende\.m2\repository\net\jqwik\jqwik-api\1.9.1\jqwik-api-1.9.1.jar;C:\Users\dende\.m2\repository\net\jqwik\jqwik-web\1.9.1\jqwik-web-1.9.1.jar;C:\Users\dende\.m2\repository\net\jqwik\jqwik-time\1.9.1\jqwik-time-1.9.1.jar;C:\Users\dende\.m2\repository\net\jqwik\jqwik-engine\1.9.1\jqwik-engine-1.9.1.jar;"/>
    <property name="java.vm.vendor" value="Oracle Corporation"/>
    <property name="sun.arch.data.model" value="64"/>
    <property name="user.variant" value=""/>
    <property name="java.vendor.url" value="https://java.oracle.com/"/>
    <property name="user.timezone" value="America/New_York"/>
    <property name="os.name" value="Windows 10"/>
    <property name="java.vm.specification.version" value="21"/>
    <property name="sun.java.launcher" value="SUN_STANDARD"/>
    <property name="user.country" value="BR"/>
    <property name="sun.boot.library.path" value="C:\Program Files\Java\jdk-21\bin"/>
    <property name="sun.java.command" value="C:\Users\dende\AppData\Local\Temp\surefire514171438889856070\surefirebooter-20250309214242310_3.jar C:\Users\dende\AppData\Local\Temp\surefire514171438889856070 2025-03-09T21-42-42_138-jvmRun1 surefire-20250309214242310_1tmp surefire_0-20250309214242310_2tmp"/>
    <property name="jdk.debug" value="release"/>
    <property name="surefire.test.class.path" value="F:\00_EngenhariaTesteSoftwares\tp2\target\test-classes;F:\00_EngenhariaTesteSoftwares\tp2\target\classes;C:\Users\dende\.m2\repository\org\junit\jupiter\junit-jupiter-api\5.9.1\junit-jupiter-api-5.9.1.jar;C:\Users\dende\.m2\repository\org\opentest4j\opentest4j\1.2.0\opentest4j-1.2.0.jar;C:\Users\dende\.m2\repository\org\junit\platform\junit-platform-commons\1.9.1\junit-platform-commons-1.9.1.jar;C:\Users\dende\.m2\repository\org\apiguardian\apiguardian-api\1.1.2\apiguardian-api-1.1.2.jar;C:\Users\dende\.m2\repository\org\junit\jupiter\junit-jupiter-engine\5.9.1\junit-jupiter-engine-5.9.1.jar;C:\Users\dende\.m2\repository\org\junit\platform\junit-platform-engine\1.9.1\junit-platform-engine-1.9.1.jar;C:\Users\dende\.m2\repository\org\mockito\mockito-core\5.7.0\mockito-core-5.7.0.jar;C:\Users\dende\.m2\repository\net\bytebuddy\byte-buddy\1.14.9\byte-buddy-1.14.9.jar;C:\Users\dende\.m2\repository\net\bytebuddy\byte-buddy-agent\1.14.9\byte-buddy-agent-1.14.9.jar;C:\Users\dende\.m2\repository\org\objenesis\objenesis\3.3\objenesis-3.3.jar;C:\Users\dende\.m2\repository\net\jqwik\jqwik\1.9.1\jqwik-1.9.1.jar;C:\Users\dende\.m2\repository\net\jqwik\jqwik-api\1.9.1\jqwik-api-1.9.1.jar;C:\Users\dende\.m2\repository\net\jqwik\jqwik-web\1.9.1\jqwik-web-1.9.1.jar;C:\Users\dende\.m2\repository\net\jqwik\jqwik-time\1.9.1\jqwik-time-1.9.1.jar;C:\Users\dende\.m2\repository\net\jqwik\jqwik-engine\1.9.1\jqwik-engine-1.9.1.jar;"/>
    <property name="sun.cpu.endian" value="little"/>
    <property name="user.home" value="C:\Users\dende"/>
    <property name="user.language" value="pt"/>
    <property name="java.specification.vendor" value="Oracle Corporation"/>
    <property name="java.version.date" value="2025-01-21"/>
    <property name="java.home" value="C:\Program Files\Java\jdk-21"/>
    <property name="file.separator" value="\"/>
    <property name="basedir" value="F:\00_EngenhariaTesteSoftwares\tp2"/>
    <property name="java.vm.compressedOopsMode" value="Zero based"/>
    <property name="line.separator" value="&#10;"/>
    <property name="java.vm.specification.vendor" value="Oracle Corporation"/>
    <property name="java.specification.name" value="Java Platform API Specification"/>
    <property name="surefire.real.class.path" value="C:\Users\dende\AppData\Local\Temp\surefire514171438889856070\surefirebooter-20250309214242310_3.jar"/>
    <property name="user.script" value=""/>
    <property name="sun.management.compiler" value="HotSpot 64-Bit Tiered Compilers"/>
    <property name="java.runtime.version" value="21.0.6+8-LTS-188"/>
    <property name="user.name" value="dende"/>
    <property name="stdout.encoding" value="Cp1252"/>
    <property name="path.separator" value=";"/>
    <property name="os.version" value="10.0"/>
    <property name="java.runtime.name" value="Java(TM) SE Runtime Environment"/>
    <property name="file.encoding" value="UTF-8"/>
    <property name="java.vm.name" value="Java HotSpot(TM) 64-Bit Server VM"/>
    <property name="localRepository" value="C:\Users\dende\.m2\repository"/>
    <property name="java.vendor.url.bug" value="https://bugreport.java.com/bugreport/"/>
    <property name="java.io.tmpdir" value="C:\Users\dende\AppData\Local\Temp\"/>
    <property name="java.version" value="21.0.6"/>
    <property name="user.dir" value="F:\00_EngenhariaTesteSoftwares\tp2"/>
    <property name="os.arch" value="amd64"/>
    <property name="java.vm.specification.name" value="Java Virtual Machine Specification"/>
    <property name="sun.os.patch.level" value=""/>
    <property name="native.encoding" value="Cp1252"/>
    <property name="java.library.path" value="C:\Program Files\Java\jdk-21\bin;C:\Windows\Sun\Java\bin;C:\Windows\system32;C:\Windows;C:\Program Files\Common Files\Oracle\Java\javapath;C:\Program Files\Eclipse Adoptium\jdk-21.0.6.7-hotspot\bin;C:\Python312\Scripts\;C:\Python312\;C:\Windows\system32;C:\Windows;C:\Windows\System32\Wbem;C:\Windows\System32\WindowsPowerShell\v1.0\;C:\Windows\System32\OpenSSH\;C:\Program Files\nodejs\;C:\ProgramData\chocolatey\bin;C:\Program Files\Git\cmd;C:\Program Files\GitHub CLI\;C:\ProgramData\chocolatey\lib\maven\apache-maven-3.9.9\bin;C:\Program Files\Docker\Docker\resources\bin;C:\Users\dende\AppData\Local\Microsoft\WindowsApps;C:\Users\dende\AppData\Roaming\npm;C:\Users\dende\AppData\Local\Programs\Microsoft VS Code\bin;C:\Program Files\PostgreSQL\17\bin;C:\Program Files\PostgreSQL\17\bin;C:\Users\dende\AppData\Local\Microsoft\WindowsApps;C:\Users\dende\AppData\Roaming\npm;C:\Users\dende\AppData\Local\Programs\Microsoft VS Code\bin;."/>
    <property name="java.vm.info" value="mixed mode, sharing"/>
    <property name="stderr.encoding" value="Cp1252"/>
    <property name="java.vendor" value="Oracle Corporation"/>
    <property name="java.vm.version" value="21.0.6+8-LTS-188"/>
    <property name="sun.io.unicode.encoding" value="UnicodeLittle"/>
    <property name="java.class.version" value="65.0"/>
  </properties>
  <testcase name="somaDeveSerAssociativa" classname="exercicio_01_Test.CalculadoraTest" time="0.316">
    <system-out><![CDATA[timestamp = 2025-03-09T21:42:45.005923500, CalculadoraTest:somaDeveSerAssociativa = 
                              |-----------------------jqwik-----------------------
tries = 1000                  | # of calls to property
checks = 1000                 | # of not rejected calls
generation = RANDOMIZED       | parameters are randomly generated
after-failure = SAMPLE_FIRST  | try previously failed sample, then previous seed
when-fixed-seed = ALLOW       | fixing the random seed is allowed
edge-cases#mode = MIXIN       | edge cases are mixed in
edge-cases#total = 0          | # of all combined edge cases
edge-cases#tried = 0          | # of edge cases tried in current run
seed = -2861270807948425001   | random seed to reproduce generated values


]]></system-out>
  </testcase>
  <testcase name="somaDeveSerComutativa" classname="exercicio_01_Test.CalculadoraTest" time="0.072">
    <system-out><![CDATA[timestamp = 2025-03-09T21:42:45.080920300, CalculadoraTest:somaDeveSerComutativa = 
                              |-----------------------jqwik-----------------------
tries = 1000                  | # of calls to property
checks = 1000                 | # of not rejected calls
generation = RANDOMIZED       | parameters are randomly generated
after-failure = SAMPLE_FIRST  | try previously failed sample, then previous seed
when-fixed-seed = ALLOW       | fixing the random seed is allowed
edge-cases#mode = MIXIN       | edge cases are mixed in
edge-cases#total = 10         | # of all combined edge cases
edge-cases#tried = 10         | # of edge cases tried in current run
seed = -5872393217639503601   | random seed to reproduce generated values


]]></system-out>
  </testcase>
  <testcase name="somaDeveManterElementoNeutro" classname="exercicio_01_Test.CalculadoraTest" time="0.084">
    <system-out><![CDATA[timestamp = 2025-03-09T21:42:45.167955100, CalculadoraTest:somaDeveManterElementoNeutro = 
                              |-----------------------jqwik-----------------------
tries = 1000                  | # of calls to property
checks = 1000                 | # of not rejected calls
generation = RANDOMIZED       | parameters are randomly generated
after-failure = SAMPLE_FIRST  | try previously failed sample, then previous seed
when-fixed-seed = ALLOW       | fixing the random seed is allowed
edge-cases#mode = MIXIN       | edge cases are mixed in
edge-cases#total = 10         | # of all combined edge cases
edge-cases#tried = 10         | # of edge cases tried in current run
seed = 7292122900770136655    | random seed to reproduce generated values


]]></system-out>
  </testcase>
</testsuite>